<?xml version="1.0" encoding="UTF-8"?>
<!-- Generated by org.testng.reporters.JUnitXMLReporter -->
<testsuite ignored="0" hostname="DESKTOP-PP0S60Q" failures="1" tests="1" name="Default test" time="19.063" errors="0" timestamp="2022-01-13T23:41:06 IST">
  <testcase classname="io.cucumber.testng.AbstractTestNGCucumberTests" name="runScenario" time="18.373">
    <failure type="java.lang.IllegalMonitorStateException" message="current thread is not owner">
      <![CDATA[java.lang.IllegalMonitorStateException: current thread is not owner
at java.base/java.lang.Object.wait(Native Method)
at UniformAppStepDef.UniformStepDef.i_search_product(UniformStepDef.java:273)
at ✽.I search product(file:///C:/Users/devan/eclipse-workspace/uniformapp/src/main/java/features/Virgohealthcare.feature:27)
]]>
    </failure>
  </testcase> <!-- runScenario -->
</testsuite> <!-- Default test -->
