<?xml version="1.0" encoding="UTF-8"?>
<testng-results ignored="0" total="1" passed="0" failed="1" skipped="0">
  <reporter-output>
  </reporter-output>
  <suite started-at="2022-01-13T23:40:47 IST" name="Default suite" finished-at="2022-01-13T23:41:06 IST" duration-ms="19063">
    <groups>
      <group name="cucumber">
        <method signature="AbstractTestNGCucumberTests.runScenario(io.cucumber.testng.PickleWrapper,io.cucumber.testng.FeatureWrapper)[pri:0, instance:Runners.testng@73eb439a]" name="runScenario" class="io.cucumber.testng.AbstractTestNGCucumberTests"/>
      </group> <!-- cucumber -->
    </groups>
    <test started-at="2022-01-13T23:40:47 IST" name="Default test" finished-at="2022-01-13T23:41:06 IST" duration-ms="19063">
      <class name="Runners.testng">
        <test-method is-config="true" signature="setUpClass(org.testng.ITestContext)[pri:0, instance:Runners.testng@73eb439a]" started-at="2022-01-13T23:40:47 IST" name="setUpClass" finished-at="2022-01-13T23:40:47 IST" duration-ms="576" status="PASS">
          <params>
            <param index="0">
              <value>
                <![CDATA[org.testng.TestRunner@6b667cb3]]>
              </value>
            </param>
          </params>
          <reporter-output>
          </reporter-output>
        </test-method> <!-- setUpClass -->
        <test-method signature="runScenario(io.cucumber.testng.PickleWrapper,io.cucumber.testng.FeatureWrapper)[pri:0, instance:Runners.testng@73eb439a]" started-at="2022-01-13T23:40:47 IST" name="runScenario" description="Runs Cucumber Scenarios" data-provider="scenarios" finished-at="2022-01-13T23:41:06 IST" duration-ms="18373" status="FAIL">
          <params>
            <param index="0">
              <value>
                <![CDATA["Search a product on the Home page using Capital Letters search item"]]>
              </value>
            </param>
            <param index="1">
              <value>
                <![CDATA["Optional[Virgo Healthcare Test]"]]>
              </value>
            </param>
          </params>
          <exception class="java.lang.IllegalMonitorStateException">
            <message>
              <![CDATA[current thread is not owner]]>
            </message>
            <full-stacktrace>
              <![CDATA[java.lang.IllegalMonitorStateException: current thread is not owner
at java.base/java.lang.Object.wait(Native Method)
at UniformAppStepDef.UniformStepDef.i_search_product(UniformStepDef.java:273)
at ✽.I search product(file:///C:/Users/devan/eclipse-workspace/uniformapp/src/main/java/features/Virgohealthcare.feature:27)
]]>
            </full-stacktrace>
          </exception> <!-- java.lang.IllegalMonitorStateException -->
          <reporter-output>
          </reporter-output>
        </test-method> <!-- runScenario -->
        <test-method is-config="true" signature="tearDownClass()[pri:0, instance:Runners.testng@73eb439a]" started-at="2022-01-13T23:41:06 IST" name="tearDownClass" finished-at="2022-01-13T23:41:06 IST" duration-ms="28" status="PASS">
          <reporter-output>
          </reporter-output>
        </test-method> <!-- tearDownClass -->
      </class> <!-- Runners.testng -->
    </test> <!-- Default test -->
  </suite> <!-- Default suite -->
</testng-results>
