<?xml version="1.0" encoding="UTF-8"?>
<!-- Generated by org.testng.reporters.JUnitReportReporter -->
<testsuite hostname="DESKTOP-PP0S60Q" failures="0" tests="1" name="Runners.testng" time="18.373" errors="1" timestamp="2022-01-13T23:41:06 IST" skipped="0">
  <testcase classname="Runners.testng" name="runScenario" time="18.373">
    <error message="current thread is not owner" type="java.lang.IllegalMonitorStateException">
      <![CDATA[java.lang.IllegalMonitorStateException: current thread is not owner
at java.base/java.lang.Object.wait(Native Method)
at UniformAppStepDef.UniformStepDef.i_search_product(UniformStepDef.java:273)
at ✽.I search product(file:///C:/Users/devan/eclipse-workspace/uniformapp/src/main/java/features/Virgohealthcare.feature:27)
]]>
    </error>
  </testcase> <!-- runScenario -->
  <system-out/>
</testsuite> <!-- Runners.testng -->
